Added Component: Designator=C1(CAPC1608X06L)
Added Component: Designator=C2(CAPC1608X06L)
Added Component: Designator=C4(CAPC1005X04L)
Added Component: Designator=R1(R0805)
Added Component: Designator=R2(R0805)
Added Component: Designator=R3(R0805)
Added Component: Designator=R4(R0805)
Added Component: Designator=R5(R0805)
Added Component: Designator=U1(ESP_12_E)
Added Component: Designator=U2(SOIC8)
Added Pin To Net: NetName=GND Pin=C1-1
Added Pin To Net: NetName=3V3 Pin=C1-2
Added Pin To Net: NetName=GND Pin=C2-1
Added Pin To Net: NetName=VCC Pin=C2-2
Added Pin To Net: NetName=NetC4_1 Pin=C4-1
Added Pin To Net: NetName=3V3 Pin=C4-2
Added Pin To Net: NetName=GND Pin=R1-1
Added Pin To Net: NetName=3V3 Pin=R1-2
Added Pin To Net: NetName=GND Pin=R2-1
Added Pin To Net: NetName=3V3 Pin=R2-2
Added Pin To Net: NetName=GND Pin=R3-1
Added Pin To Net: NetName=GPIO15 Pin=R3-2
Added Pin To Net: NetName=GPIO2 Pin=R4-1
Added Pin To Net: NetName=3V3 Pin=R4-2
Added Pin To Net: NetName=DTR Pin=R5-1
Added Pin To Net: NetName=3V3 Pin=R5-2
Added Pin To Net: NetName=RESET Pin=U1-1
Added Pin To Net: NetName=ADC Pin=U1-2
Added Pin To Net: NetName=RTS Pin=U1-3
Added Pin To Net: NetName=RESET Pin=U1-4
Added Pin To Net: NetName=GPIO14 Pin=U1-5
Added Pin To Net: NetName=GPIO12 Pin=U1-6
Added Pin To Net: NetName=GPIO13 Pin=U1-7
Added Pin To Net: NetName=3V3 Pin=U1-8
Added Pin To Net: NetName=CS0 Pin=U1-9
Added Pin To Net: NetName=MISO Pin=U1-10
Added Pin To Net: NetName=GPIO9 Pin=U1-11
Added Pin To Net: NetName=GPIO10 Pin=U1-12
Added Pin To Net: NetName=MOSI Pin=U1-13
Added Pin To Net: NetName=SCLK Pin=U1-14
Added Pin To Net: NetName=GND Pin=U1-15
Added Pin To Net: NetName=GPIO15 Pin=U1-16
Added Pin To Net: NetName=GPIO2 Pin=U1-17
Added Pin To Net: NetName=DTR Pin=U1-18
Added Pin To Net: NetName=GPIO4 Pin=U1-19
Added Pin To Net: NetName=GPIO5 Pin=U1-20
Added Pin To Net: NetName=TX Pin=U1-21
Added Pin To Net: NetName=RX Pin=U1-22
Added Pin To Net: NetName=3V3 Pin=U2-1
Added Pin To Net: NetName=3V3 Pin=U2-2
Added Pin To Net: NetName=GND Pin=U2-3
Added Pin To Net: NetName=NetC4_1 Pin=U2-4
Added Pin To Net: NetName=VCC Pin=U2-5
Added Pin To Net: NetName=GND Pin=U2-6
Added Pin To Net: NetName=GND Pin=U2-7
Added Pin To Net: NetName=VCC Pin=U2-8
Added Member To Class: ClassName=SALO_CONTROLLER_PCB Member=Component C1 0.1uF
Added Member To Class: ClassName=SALO_CONTROLLER_PCB Member=Component C2 1uF
Added Member To Class: ClassName=SALO_CONTROLLER_PCB Member=Component C4 0.01uF
Added Member To Class: ClassName=SALO_CONTROLLER_PCB Member=Component R1 Res1
Added Member To Class: ClassName=SALO_CONTROLLER_PCB Member=Component R2 Res1
Added Member To Class: ClassName=SALO_CONTROLLER_PCB Member=Component R3 Res1
Added Member To Class: ClassName=SALO_CONTROLLER_PCB Member=Component R4 Res1
Added Member To Class: ClassName=SALO_CONTROLLER_PCB Member=Component R5 Res1
Added Member To Class: ClassName=SALO_CONTROLLER_PCB Member=Component U1 ESP_12_E
Added Member To Class: ClassName=SALO_CONTROLLER_PCB Member=Component U2 LT1763CS8
