Removed Pin From Net: NetName=R Pin=P?-1
Removed Pin From Net: NetName=G Pin=P?-2
Removed Pin From Net: NetName=B Pin=P?-3
Removed Pin From Net: NetName=W Pin=P?-4
Removed Pin From Net: NetName=VCC Pin=P?-5
Removed Pin From Net: NetName=R Pin=P?-6
Removed Pin From Net: NetName=G Pin=P?-7
Removed Pin From Net: NetName=B Pin=P?-8
Removed Pin From Net: NetName=W Pin=P?-9
Removed Pin From Net: NetName=VCC Pin=P?-10
Added Pin To Net: NetName=VCC Pin=P?-1
Added Pin To Net: NetName=R Pin=P?-2
Added Pin To Net: NetName=G Pin=P?-3
Added Pin To Net: NetName=B Pin=P?-4
Added Pin To Net: NetName=W Pin=P?-5
Added Pin To Net: NetName=VCC Pin=P?-6
Added Pin To Net: NetName=R Pin=P?-7
Added Pin To Net: NetName=G Pin=P?-8
Added Pin To Net: NetName=B Pin=P?-9
Added Pin To Net: NetName=W Pin=P?-10
