Removed Pin From Net: NetName=WHITE Pin=P1-1
Removed Pin From Net: NetName=BLUE Pin=P1-2
Removed Pin From Net: NetName=RED Pin=P1-4
Removed Pin From Net: NetName=VCC Pin=P1-5
Removed Pin From Net: NetName=WHITE Pin=P2-1
Removed Pin From Net: NetName=BLUE Pin=P2-2
Removed Pin From Net: NetName=RED Pin=P2-4
Removed Pin From Net: NetName=VCC Pin=P2-5
Change Component Footprint: Designator=P1 Old Footprint=HDR1X5 New Footprint=HDR1X10
Change Component Footprint: Designator=P2 Old Footprint=HDR1X5 New Footprint=HDR1X10
Change Component Comment : Designator=P1 Old Comment=Header 5 New Comment=Header 10
Change Component Comment : Designator=P2 Old Comment=Header 5 New Comment=Header 10
Added Pin To Net: NetName=VCC Pin=P1-1
Added Pin To Net: NetName=RED Pin=P1-2
Added Pin To Net: NetName=BLUE Pin=P1-4
Added Pin To Net: NetName=WHITE Pin=P1-5
Added Pin To Net: NetName=WHITE Pin=P1-6
Added Pin To Net: NetName=BLUE Pin=P1-7
Added Pin To Net: NetName=GREEN Pin=P1-8
Added Pin To Net: NetName=RED Pin=P1-9
Added Pin To Net: NetName=VCC Pin=P1-10
Added Pin To Net: NetName=VCC Pin=P2-1
Added Pin To Net: NetName=RED Pin=P2-2
Added Pin To Net: NetName=BLUE Pin=P2-4
Added Pin To Net: NetName=WHITE Pin=P2-5
Added Pin To Net: NetName=WHITE Pin=P2-6
Added Pin To Net: NetName=BLUE Pin=P2-7
Added Pin To Net: NetName=GREEN Pin=P2-8
Added Pin To Net: NetName=RED Pin=P2-9
Added Pin To Net: NetName=VCC Pin=P2-10
Added Member To Class: ClassName=salo_led_pcb Member=Component P1 Header 10
Added Member To Class: ClassName=salo_led_pcb Member=Component P2 Header 10
