Added Component: Designator=B1(1W LED)
Added Component: Designator=B2(1W LED)
Added Component: Designator=B3(1W LED)
Added Component: Designator=B4(1W LED)
Added Component: Designator=B5(1W LED)
Added Component: Designator=B6(1W LED)
Added Component: Designator=B7(1W LED)
Added Component: Designator=B8(1W LED)
Added Component: Designator=C1(CAPC1608X06L)
Added Component: Designator=C2(CAPC1608X06L)
Added Component: Designator=C3(C0805)
Added Component: Designator=C4(CAPC1005X04L)
Added Component: Designator=G1(1W LED)
Added Component: Designator=G2(1W LED)
Added Component: Designator=G3(1W LED)
Added Component: Designator=G4(1W LED)
Added Component: Designator=P1(HDR1X10)
Added Component: Designator=P2(HDR1X10)
Added Component: Designator=P3(HDR1X8)
Added Component: Designator=P4(HDR1X8)
Added Component: Designator=P5(HDR1X6)
Added Component: Designator=P6(HDR1X6)
Added Component: Designator=P7(HDR1X2)
Added Component: Designator=R1(1W LED)
Added Component: Designator=R2(1W LED)
Added Component: Designator=R3(1W LED)
Added Component: Designator=R4(1W LED)
Added Component: Designator=R5(1W LED)
Added Component: Designator=R6(1W LED)
Added Component: Designator=R7(R0805)
Added Component: Designator=R8(R0805)
Added Component: Designator=R9(R0805)
Added Component: Designator=R10(R0805)
Added Component: Designator=R11(R0805)
Added Component: Designator=U1(ESP_12_E)
Added Component: Designator=U2(SOIC8)
Added Component: Designator=W1(1W LED)
Added Component: Designator=W2(1W LED)
Added Component: Designator=W3(1W LED)
Added Component: Designator=W4(1W LED)
Added Component: Designator=W5(1W LED)
Added Component: Designator=W6(1W LED)
Added Component: Designator=W7(1W LED)
Added Component: Designator=W8(1W LED)
Added Pin To Net: NetName=VCC Pin=B1-1
Added Pin To Net: NetName=NetB1_2 Pin=B1-2
Added Pin To Net: NetName=VCC Pin=B2-1
Added Pin To Net: NetName=NetB2_2 Pin=B2-2
Added Pin To Net: NetName=NetB1_2 Pin=B3-1
Added Pin To Net: NetName=NetB3_2 Pin=B3-2
Added Pin To Net: NetName=NetB2_2 Pin=B4-1
Added Pin To Net: NetName=NetB4_2 Pin=B4-2
Added Pin To Net: NetName=NetB3_2 Pin=B5-1
Added Pin To Net: NetName=NetB5_2 Pin=B5-2
Added Pin To Net: NetName=NetB4_2 Pin=B6-1
Added Pin To Net: NetName=NetB6_2 Pin=B6-2
Added Pin To Net: NetName=NetB5_2 Pin=B7-1
Added Pin To Net: NetName=BLUE Pin=B7-2
Added Pin To Net: NetName=NetB6_2 Pin=B8-1
Added Pin To Net: NetName=BLUE Pin=B8-2
Added Pin To Net: NetName=GND Pin=C1-1
Added Pin To Net: NetName=3V3 Pin=C1-2
Added Pin To Net: NetName=GND Pin=C2-1
Added Pin To Net: NetName=VCC Pin=C2-2
Added Pin To Net: NetName=GND Pin=C3-1
Added Pin To Net: NetName=3V3 Pin=C3-2
Added Pin To Net: NetName=NetC4_1 Pin=C4-1
Added Pin To Net: NetName=3V3 Pin=C4-2
Added Pin To Net: NetName=VCC Pin=G1-1
Added Pin To Net: NetName=NetG1_2 Pin=G1-2
Added Pin To Net: NetName=NetG1_2 Pin=G2-1
Added Pin To Net: NetName=NetG2_2 Pin=G2-2
Added Pin To Net: NetName=NetG2_2 Pin=G3-1
Added Pin To Net: NetName=NetG3_2 Pin=G3-2
Added Pin To Net: NetName=NetG3_2 Pin=G4-1
Added Pin To Net: NetName=GREEN Pin=G4-2
Added Pin To Net: NetName=VCC Pin=P1-1
Added Pin To Net: NetName=RED Pin=P1-2
Added Pin To Net: NetName=GREEN Pin=P1-3
Added Pin To Net: NetName=BLUE Pin=P1-4
Added Pin To Net: NetName=WHITE Pin=P1-5
Added Pin To Net: NetName=WHITE Pin=P1-6
Added Pin To Net: NetName=BLUE Pin=P1-7
Added Pin To Net: NetName=GREEN Pin=P1-8
Added Pin To Net: NetName=RED Pin=P1-9
Added Pin To Net: NetName=VCC Pin=P1-10
Added Pin To Net: NetName=VCC Pin=P2-1
Added Pin To Net: NetName=RED Pin=P2-2
Added Pin To Net: NetName=GREEN Pin=P2-3
Added Pin To Net: NetName=BLUE Pin=P2-4
Added Pin To Net: NetName=WHITE Pin=P2-5
Added Pin To Net: NetName=WHITE Pin=P2-6
Added Pin To Net: NetName=BLUE Pin=P2-7
Added Pin To Net: NetName=GREEN Pin=P2-8
Added Pin To Net: NetName=RED Pin=P2-9
Added Pin To Net: NetName=VCC Pin=P2-10
Added Pin To Net: NetName=3V3 Pin=P3-1
Added Pin To Net: NetName=GPIO13 Pin=P3-2
Added Pin To Net: NetName=GPIO12 Pin=P3-3
Added Pin To Net: NetName=GPIO14 Pin=P3-4
Added Pin To Net: NetName=RESET Pin=P3-5
Added Pin To Net: NetName=RTS Pin=P3-6
Added Pin To Net: NetName=ADC Pin=P3-7
Added Pin To Net: NetName=RESET Pin=P3-8
Added Pin To Net: NetName=RX Pin=P4-1
Added Pin To Net: NetName=TX Pin=P4-2
Added Pin To Net: NetName=GPIO5 Pin=P4-3
Added Pin To Net: NetName=GPIO4 Pin=P4-4
Added Pin To Net: NetName=DTR Pin=P4-5
Added Pin To Net: NetName=GPIO2 Pin=P4-6
Added Pin To Net: NetName=GPIO15 Pin=P4-7
Added Pin To Net: NetName=GND Pin=P4-8
Added Pin To Net: NetName=SCLK Pin=P5-1
Added Pin To Net: NetName=MOSI Pin=P5-2
Added Pin To Net: NetName=GPIO10 Pin=P5-3
Added Pin To Net: NetName=GPIO9 Pin=P5-4
Added Pin To Net: NetName=MISO Pin=P5-5
Added Pin To Net: NetName=CS0 Pin=P5-6
Added Pin To Net: NetName=RX Pin=P6-1
Added Pin To Net: NetName=TX Pin=P6-2
Added Pin To Net: NetName=RTS Pin=P6-3
Added Pin To Net: NetName=DTR Pin=P6-4
Added Pin To Net: NetName=VCC Pin=P6-5
Added Pin To Net: NetName=GND Pin=P6-6
Added Pin To Net: NetName=VCC Pin=P7-1
Added Pin To Net: NetName=GND Pin=P7-2
Added Pin To Net: NetName=VCC Pin=R1-1
Added Pin To Net: NetName=NetR1_2 Pin=R1-2
Added Pin To Net: NetName=NetR1_2 Pin=R2-1
Added Pin To Net: NetName=NetR2_2 Pin=R2-2
Added Pin To Net: NetName=NetR2_2 Pin=R3-1
Added Pin To Net: NetName=NetR3_2 Pin=R3-2
Added Pin To Net: NetName=NetR3_2 Pin=R4-1
Added Pin To Net: NetName=NetR4_2 Pin=R4-2
Added Pin To Net: NetName=NetR4_2 Pin=R5-1
Added Pin To Net: NetName=NetR5_2 Pin=R5-2
Added Pin To Net: NetName=NetR5_2 Pin=R6-1
Added Pin To Net: NetName=RED Pin=R6-2
Added Pin To Net: NetName=GND Pin=R7-1
Added Pin To Net: NetName=3V3 Pin=R7-2
Added Pin To Net: NetName=GND Pin=R8-1
Added Pin To Net: NetName=3V3 Pin=R8-2
Added Pin To Net: NetName=GND Pin=R9-1
Added Pin To Net: NetName=GPIO15 Pin=R9-2
Added Pin To Net: NetName=GPIO2 Pin=R10-1
Added Pin To Net: NetName=3V3 Pin=R10-2
Added Pin To Net: NetName=DTR Pin=R11-1
Added Pin To Net: NetName=3V3 Pin=R11-2
Added Pin To Net: NetName=RESET Pin=U1-1
Added Pin To Net: NetName=ADC Pin=U1-2
Added Pin To Net: NetName=RTS Pin=U1-3
Added Pin To Net: NetName=RESET Pin=U1-4
Added Pin To Net: NetName=GPIO14 Pin=U1-5
Added Pin To Net: NetName=GPIO12 Pin=U1-6
Added Pin To Net: NetName=GPIO13 Pin=U1-7
Added Pin To Net: NetName=3V3 Pin=U1-8
Added Pin To Net: NetName=CS0 Pin=U1-9
Added Pin To Net: NetName=MISO Pin=U1-10
Added Pin To Net: NetName=GPIO9 Pin=U1-11
Added Pin To Net: NetName=GPIO10 Pin=U1-12
Added Pin To Net: NetName=MOSI Pin=U1-13
Added Pin To Net: NetName=SCLK Pin=U1-14
Added Pin To Net: NetName=GND Pin=U1-15
Added Pin To Net: NetName=GPIO15 Pin=U1-16
Added Pin To Net: NetName=GPIO2 Pin=U1-17
Added Pin To Net: NetName=DTR Pin=U1-18
Added Pin To Net: NetName=GPIO4 Pin=U1-19
Added Pin To Net: NetName=GPIO5 Pin=U1-20
Added Pin To Net: NetName=TX Pin=U1-21
Added Pin To Net: NetName=RX Pin=U1-22
Added Pin To Net: NetName=3V3 Pin=U2-1
Added Pin To Net: NetName=3V3 Pin=U2-2
Added Pin To Net: NetName=GND Pin=U2-3
Added Pin To Net: NetName=NetC4_1 Pin=U2-4
Added Pin To Net: NetName=VCC Pin=U2-5
Added Pin To Net: NetName=GND Pin=U2-6
Added Pin To Net: NetName=GND Pin=U2-7
Added Pin To Net: NetName=VCC Pin=U2-8
Added Pin To Net: NetName=VCC Pin=W1-1
Added Pin To Net: NetName=NetW1_2 Pin=W1-2
Added Pin To Net: NetName=VCC Pin=W2-1
Added Pin To Net: NetName=NetW2_2 Pin=W2-2
Added Pin To Net: NetName=NetW1_2 Pin=W3-1
Added Pin To Net: NetName=NetW3_2 Pin=W3-2
Added Pin To Net: NetName=NetW2_2 Pin=W4-1
Added Pin To Net: NetName=NetW4_2 Pin=W4-2
Added Pin To Net: NetName=NetW3_2 Pin=W5-1
Added Pin To Net: NetName=NetW5_2 Pin=W5-2
Added Pin To Net: NetName=NetW4_2 Pin=W6-1
Added Pin To Net: NetName=NetW6_2 Pin=W6-2
Added Pin To Net: NetName=NetW5_2 Pin=W7-1
Added Pin To Net: NetName=WHITE Pin=W7-2
Added Pin To Net: NetName=NetW6_2 Pin=W8-1
Added Pin To Net: NetName=WHITE Pin=W8-2
Added Member To Class: ClassName=salo_led_pcb Member=Component B1 LED0
Added Member To Class: ClassName=salo_led_pcb Member=Component B2 LED0
Added Member To Class: ClassName=salo_led_pcb Member=Component B3 LED0
Added Member To Class: ClassName=salo_led_pcb Member=Component B4 LED0
Added Member To Class: ClassName=salo_led_pcb Member=Component B5 LED0
Added Member To Class: ClassName=salo_led_pcb Member=Component B6 LED0
Added Member To Class: ClassName=salo_led_pcb Member=Component B7 LED0
Added Member To Class: ClassName=salo_led_pcb Member=Component B8 LED0
Added Member To Class: ClassName=salo_controler Member=Component C1 0.1uF
Added Member To Class: ClassName=salo_controler Member=Component C2 1uF
Added Member To Class: ClassName=salo_controler Member=Component C3 Cap
Added Member To Class: ClassName=salo_controler Member=Component C4 0.01uF
Added Member To Class: ClassName=salo_led_pcb Member=Component G1 LED0
Added Member To Class: ClassName=salo_led_pcb Member=Component G2 LED0
Added Member To Class: ClassName=salo_led_pcb Member=Component G3 LED0
Added Member To Class: ClassName=salo_led_pcb Member=Component G4 LED0
Added Member To Class: ClassName=salo_led_pcb Member=Component P1 Header 10
Added Member To Class: ClassName=salo_led_pcb Member=Component P2 Header 10
Added Member To Class: ClassName=salo_controler Member=Component P3 Header 8
Added Member To Class: ClassName=salo_controler Member=Component P4 Header 8
Added Member To Class: ClassName=salo_controler Member=Component P5 Header 6
Added Member To Class: ClassName=salo_controler Member=Component P6 Header 6
Added Member To Class: ClassName=salo_controler Member=Component P7 Header 2
Added Member To Class: ClassName=salo_led_pcb Member=Component R1 LED0
Added Member To Class: ClassName=salo_led_pcb Member=Component R2 LED0
Added Member To Class: ClassName=salo_led_pcb Member=Component R3 LED0
Added Member To Class: ClassName=salo_led_pcb Member=Component R4 LED0
Added Member To Class: ClassName=salo_led_pcb Member=Component R5 LED0
Added Member To Class: ClassName=salo_led_pcb Member=Component R6 LED0
Added Member To Class: ClassName=salo_controler Member=Component R7 Res1
Added Member To Class: ClassName=salo_controler Member=Component R8 Res1
Added Member To Class: ClassName=salo_controler Member=Component R9 Res1
Added Member To Class: ClassName=salo_controler Member=Component R10 Res1
Added Member To Class: ClassName=salo_controler Member=Component R11 Res1
Added Member To Class: ClassName=salo_controler Member=Component U1 ESP_12_E
Added Member To Class: ClassName=salo_controler Member=Component U2 LT1763CS8
Added Member To Class: ClassName=salo_led_pcb Member=Component W1 LED0
Added Member To Class: ClassName=salo_led_pcb Member=Component W2 LED0
Added Member To Class: ClassName=salo_led_pcb Member=Component W3 LED0
Added Member To Class: ClassName=salo_led_pcb Member=Component W4 LED0
Added Member To Class: ClassName=salo_led_pcb Member=Component W5 LED0
Added Member To Class: ClassName=salo_led_pcb Member=Component W6 LED0
Added Member To Class: ClassName=salo_led_pcb Member=Component W7 LED0
Added Member To Class: ClassName=salo_led_pcb Member=Component W8 LED0
