Removed Pin From Net: NetName=VCC Pin=P1-1
Removed Pin From Net: NetName=WHITE Pin=P1-2
Removed Pin From Net: NetName=RED Pin=P1-3
Removed Pin From Net: NetName=BLUE Pin=P1-4
Removed Pin From Net: NetName=GREEN Pin=P1-5
Removed Pin From Net: NetName=GREEN Pin=P1-6
Removed Pin From Net: NetName=BLUE Pin=P1-7
Removed Pin From Net: NetName=RED Pin=P1-8
Removed Pin From Net: NetName=WHITE Pin=P1-9
Removed Pin From Net: NetName=VCC Pin=P1-10
Removed Pin From Net: NetName=VCC Pin=P2-1
Removed Pin From Net: NetName=WHITE Pin=P2-2
Removed Pin From Net: NetName=RED Pin=P2-3
Removed Pin From Net: NetName=BLUE Pin=P2-4
Removed Pin From Net: NetName=GREEN Pin=P2-5
Removed Pin From Net: NetName=GREEN Pin=P2-6
Removed Pin From Net: NetName=BLUE Pin=P2-7
Removed Pin From Net: NetName=RED Pin=P2-8
Removed Pin From Net: NetName=WHITE Pin=P2-9
Removed Pin From Net: NetName=VCC Pin=P2-10
Added Component: Designator=P1(HDR1X5)
Added Component: Designator=P2(HDR1X5)
Added Pin To Net: NetName=WHITE Pin=P1-1
Added Pin To Net: NetName=BLUE Pin=P1-2
Added Pin To Net: NetName=GREEN Pin=P1-3
Added Pin To Net: NetName=RED Pin=P1-4
Added Pin To Net: NetName=VCC Pin=P1-5
Added Pin To Net: NetName=WHITE Pin=P2-1
Added Pin To Net: NetName=BLUE Pin=P2-2
Added Pin To Net: NetName=GREEN Pin=P2-3
Added Pin To Net: NetName=RED Pin=P2-4
Added Pin To Net: NetName=VCC Pin=P2-5
